{"sessionId":"37bbcf","hypothesisId":"H1","location":"BuiltinCollectionsSync::syncForUser","message":"characters table state","data":{"userId":9,"charactersReady":true,"totalCharsInDb":118,"glyphsRequested":40},"timestamp":1777762930235}
{"sessionId":"37bbcf","hypothesisId":"H2","location":"BuiltinCollectionsSync::syncForUser","message":"whereIn pluck result","data":{"byCharCount":40,"sampleKeysFromDb":["我","你","他","她","我们"]},"timestamp":1777762930238}
{"sessionId":"37bbcf","hypothesisId":"H3","location":"BuiltinCollectionsSync::syncForUser","message":"collection synced","data":{"slug":"people","collectionId":33,"idsAttachedCount":10},"timestamp":1777762930258}
{"sessionId":"37bbcf","hypothesisId":"H3","location":"BuiltinCollectionsSync::syncForUser","message":"collection synced","data":{"slug":"verbs","collectionId":34,"idsAttachedCount":10},"timestamp":1777762930270}
{"sessionId":"37bbcf","hypothesisId":"H3","location":"BuiltinCollectionsSync::syncForUser","message":"collection synced","data":{"slug":"time_scale","collectionId":35,"idsAttachedCount":10},"timestamp":1777762930283}
{"sessionId":"37bbcf","hypothesisId":"H3","location":"BuiltinCollectionsSync::syncForUser","message":"collection synced","data":{"slug":"function_words","collectionId":36,"idsAttachedCount":10},"timestamp":1777762930297}
{"sessionId":"37bbcf","hypothesisId":"H1","location":"BuiltinCollectionsSync::syncForUser","message":"characters table state","data":{"userId":9,"charactersReady":true,"totalCharsInDb":118,"glyphsRequested":40},"timestamp":1777762930311}
{"sessionId":"37bbcf","hypothesisId":"H2","location":"BuiltinCollectionsSync::syncForUser","message":"whereIn pluck result","data":{"byCharCount":40,"sampleKeysFromDb":["我","你","他","她","我们"]},"timestamp":1777762930313}
{"sessionId":"37bbcf","hypothesisId":"H3","location":"BuiltinCollectionsSync::syncForUser","message":"collection synced","data":{"slug":"people","collectionId":33,"idsAttachedCount":10},"timestamp":1777762930384}
{"sessionId":"37bbcf","hypothesisId":"H3","location":"BuiltinCollectionsSync::syncForUser","message":"collection synced","data":{"slug":"verbs","collectionId":34,"idsAttachedCount":10},"timestamp":1777762930386}
{"sessionId":"37bbcf","hypothesisId":"H3","location":"BuiltinCollectionsSync::syncForUser","message":"collection synced","data":{"slug":"time_scale","collectionId":35,"idsAttachedCount":10},"timestamp":1777762930388}
{"sessionId":"37bbcf","hypothesisId":"H3","location":"BuiltinCollectionsSync::syncForUser","message":"collection synced","data":{"slug":"function_words","collectionId":36,"idsAttachedCount":10},"timestamp":1777762930389}
{"sessionId":"37bbcf","hypothesisId":"H1","location":"BuiltinCollectionsSync::syncForUser","message":"characters table state","data":{"userId":9,"charactersReady":true,"totalCharsInDb":118,"glyphsRequested":40},"timestamp":1777762974293}
{"sessionId":"37bbcf","hypothesisId":"H2","location":"BuiltinCollectionsSync::syncForUser","message":"whereIn pluck result","data":{"byCharCount":40,"sampleKeysFromDb":["我","你","他","她","我们"]},"timestamp":1777762974295}
{"sessionId":"37bbcf","hypothesisId":"H3","location":"BuiltinCollectionsSync::syncForUser","message":"collection synced","data":{"slug":"people","collectionId":33,"idsAttachedCount":10},"timestamp":1777762974302}
{"sessionId":"37bbcf","hypothesisId":"H3","location":"BuiltinCollectionsSync::syncForUser","message":"collection synced","data":{"slug":"verbs","collectionId":34,"idsAttachedCount":10},"timestamp":1777762974304}
{"sessionId":"37bbcf","hypothesisId":"H3","location":"BuiltinCollectionsSync::syncForUser","message":"collection synced","data":{"slug":"time_scale","collectionId":35,"idsAttachedCount":10},"timestamp":1777762974305}
{"sessionId":"37bbcf","hypothesisId":"H3","location":"BuiltinCollectionsSync::syncForUser","message":"collection synced","data":{"slug":"function_words","collectionId":36,"idsAttachedCount":10},"timestamp":1777762974306}
{"sessionId":"37bbcf","hypothesisId":"H1","location":"BuiltinCollectionsSync::syncForUser","message":"characters table state","data":{"userId":9,"charactersReady":true,"totalCharsInDb":118,"glyphsRequested":40},"timestamp":1777763484038}
{"sessionId":"37bbcf","hypothesisId":"H2","location":"BuiltinCollectionsSync::syncForUser","message":"whereIn pluck result","data":{"byCharCount":40,"sampleKeysFromDb":["我","你","他","她","我们"]},"timestamp":1777763484040}
{"sessionId":"37bbcf","hypothesisId":"H3","location":"BuiltinCollectionsSync::syncForUser","message":"collection synced","data":{"slug":"people","collectionId":33,"idsAttachedCount":10},"timestamp":1777763484047}
{"sessionId":"37bbcf","hypothesisId":"H3","location":"BuiltinCollectionsSync::syncForUser","message":"collection synced","data":{"slug":"verbs","collectionId":34,"idsAttachedCount":10},"timestamp":1777763484049}
{"sessionId":"37bbcf","hypothesisId":"H3","location":"BuiltinCollectionsSync::syncForUser","message":"collection synced","data":{"slug":"time_scale","collectionId":35,"idsAttachedCount":10},"timestamp":1777763484050}
{"sessionId":"37bbcf","hypothesisId":"H3","location":"BuiltinCollectionsSync::syncForUser","message":"collection synced","data":{"slug":"function_words","collectionId":36,"idsAttachedCount":10},"timestamp":1777763484052}
{"sessionId":"37bbcf","hypothesisId":"H1","location":"BuiltinCollectionsSync::syncForUser","message":"characters table state","data":{"userId":10,"charactersReady":true,"totalCharsInDb":118,"glyphsRequested":40},"timestamp":1777763610082}
{"sessionId":"37bbcf","hypothesisId":"H2","location":"BuiltinCollectionsSync::syncForUser","message":"whereIn pluck result","data":{"byCharCount":40,"sampleKeysFromDb":["我","你","他","她","我们"]},"timestamp":1777763610084}
{"sessionId":"37bbcf","hypothesisId":"H3","location":"BuiltinCollectionsSync::syncForUser","message":"collection synced","data":{"slug":"people","collectionId":37,"idsAttachedCount":10},"timestamp":1777763610107}
{"sessionId":"37bbcf","hypothesisId":"H3","location":"BuiltinCollectionsSync::syncForUser","message":"collection synced","data":{"slug":"verbs","collectionId":38,"idsAttachedCount":10},"timestamp":1777763610120}
{"sessionId":"37bbcf","hypothesisId":"H3","location":"BuiltinCollectionsSync::syncForUser","message":"collection synced","data":{"slug":"time_scale","collectionId":39,"idsAttachedCount":10},"timestamp":1777763610130}
{"sessionId":"37bbcf","hypothesisId":"H3","location":"BuiltinCollectionsSync::syncForUser","message":"collection synced","data":{"slug":"function_words","collectionId":40,"idsAttachedCount":10},"timestamp":1777763610142}
{"sessionId":"37bbcf","hypothesisId":"H1","location":"BuiltinCollectionsSync::syncForUser","message":"characters table state","data":{"userId":10,"charactersReady":true,"totalCharsInDb":118,"glyphsRequested":40},"timestamp":1777764569544}
{"sessionId":"37bbcf","hypothesisId":"H2","location":"BuiltinCollectionsSync::syncForUser","message":"whereIn pluck result","data":{"byCharCount":40,"sampleKeysFromDb":["我","你","他","她","我们"]},"timestamp":1777764569546}
{"sessionId":"37bbcf","hypothesisId":"H3","location":"BuiltinCollectionsSync::syncForUser","message":"collection synced","data":{"slug":"people","collectionId":37,"idsAttachedCount":10},"timestamp":1777764569552}
{"sessionId":"37bbcf","hypothesisId":"H3","location":"BuiltinCollectionsSync::syncForUser","message":"collection synced","data":{"slug":"verbs","collectionId":38,"idsAttachedCount":10},"timestamp":1777764569554}
{"sessionId":"37bbcf","hypothesisId":"H3","location":"BuiltinCollectionsSync::syncForUser","message":"collection synced","data":{"slug":"time_scale","collectionId":39,"idsAttachedCount":10},"timestamp":1777764569556}
{"sessionId":"37bbcf","hypothesisId":"H3","location":"BuiltinCollectionsSync::syncForUser","message":"collection synced","data":{"slug":"function_words","collectionId":40,"idsAttachedCount":10},"timestamp":1777764569558}
{"sessionId":"37bbcf","hypothesisId":"H1","location":"BuiltinCollectionsSync::syncForUser","message":"characters table state","data":{"userId":10,"charactersReady":true,"totalCharsInDb":118,"glyphsRequested":40},"timestamp":1777764632265}
{"sessionId":"37bbcf","hypothesisId":"H2","location":"BuiltinCollectionsSync::syncForUser","message":"whereIn pluck result","data":{"byCharCount":40,"sampleKeysFromDb":["我","你","他","她","我们"]},"timestamp":1777764632267}
{"sessionId":"37bbcf","hypothesisId":"H3","location":"BuiltinCollectionsSync::syncForUser","message":"collection synced","data":{"slug":"people","collectionId":37,"idsAttachedCount":10},"timestamp":1777764632272}
{"sessionId":"37bbcf","hypothesisId":"H3","location":"BuiltinCollectionsSync::syncForUser","message":"collection synced","data":{"slug":"verbs","collectionId":38,"idsAttachedCount":10},"timestamp":1777764632274}
{"sessionId":"37bbcf","hypothesisId":"H3","location":"BuiltinCollectionsSync::syncForUser","message":"collection synced","data":{"slug":"time_scale","collectionId":39,"idsAttachedCount":10},"timestamp":1777764632276}
{"sessionId":"37bbcf","hypothesisId":"H3","location":"BuiltinCollectionsSync::syncForUser","message":"collection synced","data":{"slug":"function_words","collectionId":40,"idsAttachedCount":10},"timestamp":1777764632277}
{"sessionId":"37bbcf","hypothesisId":"H1","location":"BuiltinCollectionsSync::syncForUser","message":"characters table state","data":{"userId":10,"charactersReady":true,"totalCharsInDb":118,"glyphsRequested":40},"timestamp":1777764683673}
{"sessionId":"37bbcf","hypothesisId":"H2","location":"BuiltinCollectionsSync::syncForUser","message":"whereIn pluck result","data":{"byCharCount":40,"sampleKeysFromDb":["我","你","他","她","我们"]},"timestamp":1777764683675}
{"sessionId":"37bbcf","hypothesisId":"H3","location":"BuiltinCollectionsSync::syncForUser","message":"collection synced","data":{"slug":"people","collectionId":37,"idsAttachedCount":10},"timestamp":1777764683680}
{"sessionId":"37bbcf","hypothesisId":"H3","location":"BuiltinCollectionsSync::syncForUser","message":"collection synced","data":{"slug":"verbs","collectionId":38,"idsAttachedCount":10},"timestamp":1777764683682}
{"sessionId":"37bbcf","hypothesisId":"H3","location":"BuiltinCollectionsSync::syncForUser","message":"collection synced","data":{"slug":"time_scale","collectionId":39,"idsAttachedCount":10},"timestamp":1777764683683}
{"sessionId":"37bbcf","hypothesisId":"H3","location":"BuiltinCollectionsSync::syncForUser","message":"collection synced","data":{"slug":"function_words","collectionId":40,"idsAttachedCount":10},"timestamp":1777764683684}
{"sessionId":"37bbcf","hypothesisId":"H1","location":"BuiltinCollectionsSync::syncForUser","message":"characters table state","data":{"userId":10,"charactersReady":true,"totalCharsInDb":118,"glyphsRequested":40},"timestamp":1777765433093}
{"sessionId":"37bbcf","hypothesisId":"H2","location":"BuiltinCollectionsSync::syncForUser","message":"whereIn pluck result","data":{"byCharCount":40,"sampleKeysFromDb":["我","你","他","她","我们"]},"timestamp":1777765433095}
{"sessionId":"37bbcf","hypothesisId":"H3","location":"BuiltinCollectionsSync::syncForUser","message":"collection synced","data":{"slug":"people","collectionId":37,"idsAttachedCount":10},"timestamp":1777765433103}
{"sessionId":"37bbcf","hypothesisId":"H3","location":"BuiltinCollectionsSync::syncForUser","message":"collection synced","data":{"slug":"verbs","collectionId":38,"idsAttachedCount":10},"timestamp":1777765433105}
{"sessionId":"37bbcf","hypothesisId":"H3","location":"BuiltinCollectionsSync::syncForUser","message":"collection synced","data":{"slug":"time_scale","collectionId":39,"idsAttachedCount":10},"timestamp":1777765433106}
{"sessionId":"37bbcf","hypothesisId":"H3","location":"BuiltinCollectionsSync::syncForUser","message":"collection synced","data":{"slug":"function_words","collectionId":40,"idsAttachedCount":10},"timestamp":1777765433108}
{"sessionId":"37bbcf","hypothesisId":"H1","location":"BuiltinCollectionsSync::syncForUser","message":"characters table state","data":{"userId":9,"charactersReady":true,"totalCharsInDb":236,"glyphsRequested":40},"timestamp":1777891800084}
{"sessionId":"37bbcf","hypothesisId":"H2","location":"BuiltinCollectionsSync::syncForUser","message":"whereIn pluck result","data":{"byCharCount":40,"sampleKeysFromDb":["我","你","他","她","我们"]},"timestamp":1777891800087}
{"sessionId":"37bbcf","hypothesisId":"H3","location":"BuiltinCollectionsSync::syncForUser","message":"collection synced","data":{"slug":"people","collectionId":33,"idsAttachedCount":10},"timestamp":1777891800307}
{"sessionId":"37bbcf","hypothesisId":"H3","location":"BuiltinCollectionsSync::syncForUser","message":"collection synced","data":{"slug":"verbs","collectionId":34,"idsAttachedCount":10},"timestamp":1777891800321}
{"sessionId":"37bbcf","hypothesisId":"H3","location":"BuiltinCollectionsSync::syncForUser","message":"collection synced","data":{"slug":"time_scale","collectionId":35,"idsAttachedCount":10},"timestamp":1777891800334}
{"sessionId":"37bbcf","hypothesisId":"H3","location":"BuiltinCollectionsSync::syncForUser","message":"collection synced","data":{"slug":"function_words","collectionId":36,"idsAttachedCount":10},"timestamp":1777891800346}
{"sessionId":"37bbcf","hypothesisId":"H1","location":"BuiltinCollectionsSync::syncForUser","message":"characters table state","data":{"userId":10,"charactersReady":true,"totalCharsInDb":236,"glyphsRequested":40},"timestamp":1777891800348}
{"sessionId":"37bbcf","hypothesisId":"H2","location":"BuiltinCollectionsSync::syncForUser","message":"whereIn pluck result","data":{"byCharCount":40,"sampleKeysFromDb":["我","你","他","她","我们"]},"timestamp":1777891800350}
{"sessionId":"37bbcf","hypothesisId":"H3","location":"BuiltinCollectionsSync::syncForUser","message":"collection synced","data":{"slug":"people","collectionId":37,"idsAttachedCount":10},"timestamp":1777891800364}
{"sessionId":"37bbcf","hypothesisId":"H3","location":"BuiltinCollectionsSync::syncForUser","message":"collection synced","data":{"slug":"verbs","collectionId":38,"idsAttachedCount":10},"timestamp":1777891800376}
{"sessionId":"37bbcf","hypothesisId":"H3","location":"BuiltinCollectionsSync::syncForUser","message":"collection synced","data":{"slug":"time_scale","collectionId":39,"idsAttachedCount":10},"timestamp":1777891800389}
{"sessionId":"37bbcf","hypothesisId":"H3","location":"BuiltinCollectionsSync::syncForUser","message":"collection synced","data":{"slug":"function_words","collectionId":40,"idsAttachedCount":10},"timestamp":1777891800402}
